[2017-10-03 08:18:57,922][nioEventLoopGroup-2-1][INFO][MysqlProtoclHeaderHandler]-MysqlProtoclHeaderHandler.channelRead0 called
[2017-10-03 08:18:57,928][nioEventLoopGroup-2-1][INFO][MysqlProtoclHeaderHandler]-dataBuffer.readableBytes () == this.headerLength=78
[2017-10-03 08:18:57,929][nioEventLoopGroup-2-1][INFO][GreetingPacket]-msg.readableBytes=78
[2017-10-03 08:18:57,930][nioEventLoopGroup-2-1][INFO][GreetingPacket]-mysql protocol version: 10
[2017-10-03 08:18:57,931][nioEventLoopGroup-2-1][INFO][GreetingPacket]-serverVersion:5.6.31-log
[2017-10-03 08:18:57,932][nioEventLoopGroup-2-1][INFO][GreetingPacket]-threadId: 33
[2017-10-03 08:18:57,933][nioEventLoopGroup-2-1][INFO][GreetingPacket]-scramblePrefix: :^K>5/*'
[2017-10-03 08:18:57,933][nioEventLoopGroup-2-1][INFO][GreetingPacket]-serverCapabilities:63487
[2017-10-03 08:18:57,933][nioEventLoopGroup-2-1][INFO][GreetingPacket]-serverCollation: 8
[2017-10-03 08:18:57,934][nioEventLoopGroup-2-1][INFO][GreetingPacket]-serverStatus: 2
[2017-10-03 08:18:57,934][nioEventLoopGroup-2-1][INFO][GreetingPacket]-scramble: :^K>5/*'#y\>`J3]\6:]
[2017-10-03 08:18:57,934][nioEventLoopGroup-2-1][INFO][GreetingPacket]-pluginData=mysql_native_password
[2017-10-03 08:19:07,937][nioEventLoopGroup-2-1][INFO][MysqlProtoclHeaderHandler]-MysqlProtoclHeaderHandler.channelInactive Called
[2017-10-03 18:05:41,172][nioEventLoopGroup-2-1][INFO][MysqlProtoclHeaderHandler]-MysqlProtoclHeaderHandler.channelRead0 called
[2017-10-03 18:05:41,176][nioEventLoopGroup-2-1][INFO][MysqlProtoclHeaderHandler]-dataBuffer.readableBytes () == this.headerLength=78
[2017-10-03 18:05:41,177][nioEventLoopGroup-2-1][INFO][GreetingPacket]-msg.readableBytes=78
[2017-10-03 18:05:41,178][nioEventLoopGroup-2-1][INFO][GreetingPacket]-mysql protocol version: 10
[2017-10-03 18:05:41,179][nioEventLoopGroup-2-1][INFO][GreetingPacket]-serverVersion:5.6.31-log
[2017-10-03 18:05:41,179][nioEventLoopGroup-2-1][INFO][GreetingPacket]-threadId: 34
[2017-10-03 18:05:41,180][nioEventLoopGroup-2-1][INFO][GreetingPacket]-scramblePrefix: q1<{v]PZ
[2017-10-03 18:05:41,180][nioEventLoopGroup-2-1][INFO][GreetingPacket]-serverCapabilities:63487
[2017-10-03 18:05:41,181][nioEventLoopGroup-2-1][INFO][GreetingPacket]-serverCollation: 8
[2017-10-03 18:05:41,181][nioEventLoopGroup-2-1][INFO][GreetingPacket]-serverStatus: 2
[2017-10-03 18:05:41,181][nioEventLoopGroup-2-1][INFO][GreetingPacket]-scramble: q1<{v]PZSp\Z.v)gN1I[
[2017-10-03 18:05:41,182][nioEventLoopGroup-2-1][INFO][GreetingPacket]-pluginData=mysql_native_password
[2017-10-03 18:05:41,183][nioEventLoopGroup-2-1][INFO][GreetingPacketResultHandler]-writeAndFlush authenticateCommand
[2017-10-03 18:05:41,203][nioEventLoopGroup-2-1][INFO][MysqlProtoclHeaderHandler]-MysqlProtoclHeaderHandler.channelRead0 called
[2017-10-03 18:05:41,203][nioEventLoopGroup-2-1][INFO][MysqlProtoclHeaderHandler]-dataBuffer.readableBytes () == this.headerLength=7
[2017-10-03 18:05:41,204][nioEventLoopGroup-2-1][INFO][AuthenticateResultHandler]-writeAndFlush authenticateCommand,msg.readableBytes=7
[2017-10-03 18:07:19,588][nioEventLoopGroup-2-1][INFO][MysqlProtoclHeaderHandler]-+++++++MysqlProtoclHeaderHandler.channelRead0 called
[2017-10-03 18:07:19,591][nioEventLoopGroup-2-1][INFO][MysqlProtoclHeaderHandler]-+++++headerLength=78
[2017-10-03 18:07:19,592][nioEventLoopGroup-2-1][INFO][MysqlProtoclHeaderHandler]-dataBuffer.readableBytes () == this.headerLength=78
[2017-10-03 18:07:19,594][nioEventLoopGroup-2-1][INFO][GreetingPacket]-msg.readableBytes=78
[2017-10-03 18:07:19,594][nioEventLoopGroup-2-1][INFO][GreetingPacket]-mysql protocol version: 10
[2017-10-03 18:07:19,595][nioEventLoopGroup-2-1][INFO][GreetingPacket]-serverVersion:5.6.31-log
[2017-10-03 18:07:19,595][nioEventLoopGroup-2-1][INFO][GreetingPacket]-threadId: 35
[2017-10-03 18:07:19,595][nioEventLoopGroup-2-1][INFO][GreetingPacket]-scramblePrefix: W6GC[~,Z
[2017-10-03 18:07:19,595][nioEventLoopGroup-2-1][INFO][GreetingPacket]-serverCapabilities:63487
[2017-10-03 18:07:19,596][nioEventLoopGroup-2-1][INFO][GreetingPacket]-serverCollation: 8
[2017-10-03 18:07:19,596][nioEventLoopGroup-2-1][INFO][GreetingPacket]-serverStatus: 2
[2017-10-03 18:07:19,597][nioEventLoopGroup-2-1][INFO][GreetingPacket]-scramble: W6GC[~,ZdeP?,ZcdL.@6
[2017-10-03 18:07:19,597][nioEventLoopGroup-2-1][INFO][GreetingPacket]-pluginData=mysql_native_password
[2017-10-03 18:07:19,599][nioEventLoopGroup-2-1][INFO][GreetingPacketResultHandler]-writeAndFlush authenticateCommand
[2017-10-03 18:07:19,606][nioEventLoopGroup-2-1][INFO][MysqlProtoclHeaderHandler]-+++++++MysqlProtoclHeaderHandler.channelRead0 called
[2017-10-03 18:07:19,606][nioEventLoopGroup-2-1][INFO][MysqlProtoclHeaderHandler]-+++++headerLength=7
[2017-10-03 18:07:19,607][nioEventLoopGroup-2-1][INFO][MysqlProtoclHeaderHandler]-dataBuffer.readableBytes () == this.headerLength=7
[2017-10-03 18:07:19,607][nioEventLoopGroup-2-1][INFO][AuthenticateResultHandler]-writeAndFlush authenticateCommand,msg.readableBytes=7
[2017-10-03 18:11:35,473][nioEventLoopGroup-2-1][INFO][MysqlProtoclHeaderHandler]-+++++++MysqlProtoclHeaderHandler.channelRead0 called
[2017-10-03 18:11:35,476][nioEventLoopGroup-2-1][INFO][MysqlProtoclHeaderHandler]-+++++headerLength=78
[2017-10-03 18:11:35,497][nioEventLoopGroup-2-1][INFO][MysqlProtoclHeaderHandler]------------------
[2017-10-03 18:11:35,497][nioEventLoopGroup-2-1][INFO][MysqlProtoclHeaderHandler]-0a352e362e33312d6c6f670024000000492b3874657d635900fff70802007f8015000000000000000000007253286b64347368325f686a006d7973716c5f6e61746976655f70617373776f726400
[2017-10-03 18:11:35,498][nioEventLoopGroup-2-1][INFO][MysqlProtoclHeaderHandler]------------------
[2017-10-03 18:11:35,498][nioEventLoopGroup-2-1][INFO][MysqlProtoclHeaderHandler]-dataBuffer.readableBytes () == this.headerLength=78
[2017-10-03 18:11:35,501][nioEventLoopGroup-2-1][INFO][GreetingPacket]-msg.readableBytes=78
[2017-10-03 18:11:35,502][nioEventLoopGroup-2-1][INFO][GreetingPacket]-mysql protocol version: 10
[2017-10-03 18:11:35,503][nioEventLoopGroup-2-1][INFO][GreetingPacket]-serverVersion:5.6.31-log
[2017-10-03 18:11:35,503][nioEventLoopGroup-2-1][INFO][GreetingPacket]-threadId: 36
[2017-10-03 18:11:35,504][nioEventLoopGroup-2-1][INFO][GreetingPacket]-scramblePrefix: I+8te}cY
[2017-10-03 18:11:35,504][nioEventLoopGroup-2-1][INFO][GreetingPacket]-serverCapabilities:63487
[2017-10-03 18:11:35,505][nioEventLoopGroup-2-1][INFO][GreetingPacket]-serverCollation: 8
[2017-10-03 18:11:35,505][nioEventLoopGroup-2-1][INFO][GreetingPacket]-serverStatus: 2
[2017-10-03 18:11:35,505][nioEventLoopGroup-2-1][INFO][GreetingPacket]-scramble: I+8te}cYrS(kd4sh2_hj
[2017-10-03 18:11:35,506][nioEventLoopGroup-2-1][INFO][GreetingPacket]-pluginData=mysql_native_password
[2017-10-03 18:11:35,508][nioEventLoopGroup-2-1][INFO][GreetingPacketResultHandler]-writeAndFlush authenticateCommand
[2017-10-03 18:11:35,517][nioEventLoopGroup-2-1][INFO][MysqlProtoclHeaderHandler]-+++++++MysqlProtoclHeaderHandler.channelRead0 called
[2017-10-03 18:11:35,517][nioEventLoopGroup-2-1][INFO][MysqlProtoclHeaderHandler]-+++++headerLength=7
[2017-10-03 18:11:35,518][nioEventLoopGroup-2-1][INFO][MysqlProtoclHeaderHandler]------------------
[2017-10-03 18:11:35,518][nioEventLoopGroup-2-1][INFO][MysqlProtoclHeaderHandler]-00000002000000
[2017-10-03 18:11:35,518][nioEventLoopGroup-2-1][INFO][MysqlProtoclHeaderHandler]------------------
[2017-10-03 18:11:35,519][nioEventLoopGroup-2-1][INFO][MysqlProtoclHeaderHandler]-dataBuffer.readableBytes () == this.headerLength=7
[2017-10-03 18:11:35,519][nioEventLoopGroup-2-1][INFO][AuthenticateResultHandler]-writeAndFlush authenticateCommand,msg.readableBytes=7
[2017-10-03 18:24:44,112][nioEventLoopGroup-2-1][INFO][MysqlProtoclHeaderHandler]-+++++++MysqlProtoclHeaderHandler.channelRead0 called
[2017-10-03 18:24:44,117][nioEventLoopGroup-2-1][INFO][MysqlProtoclHeaderHandler]-+++++headerLength=78
[2017-10-03 18:24:44,143][nioEventLoopGroup-2-1][INFO][MysqlProtoclHeaderHandler]------------------
[2017-10-03 18:24:44,143][nioEventLoopGroup-2-1][INFO][MysqlProtoclHeaderHandler]-         +-------------------------------------------------+
         |  0  1  2  3  4  5  6  7  8  9  a  b  c  d  e  f |
+--------+-------------------------------------------------+----------------+
|00000000| 0a 35 2e 36 2e 33 31 2d 6c 6f 67 00 25 00 00 00 |.5.6.31-log.%...|
|00000010| 40 48 2c 3f 3a 45 2e 52 00 ff f7 08 02 00 7f 80 |@H,?:E.R........|
|00000020| 15 00 00 00 00 00 00 00 00 00 00 33 49 54 49 53 |...........3ITIS|
|00000030| 43 35 23 4b 30 4f 7b 00 6d 79 73 71 6c 5f 6e 61 |C5#K0O{.mysql_na|
|00000040| 74 69 76 65 5f 70 61 73 73 77 6f 72 64 00       |tive_password.  |
+--------+-------------------------------------------------+----------------+
[2017-10-03 18:24:44,144][nioEventLoopGroup-2-1][INFO][MysqlProtoclHeaderHandler]------------------
[2017-10-03 18:24:44,144][nioEventLoopGroup-2-1][INFO][MysqlProtoclHeaderHandler]-dataBuffer.readableBytes () == this.headerLength=78
[2017-10-03 18:24:44,148][nioEventLoopGroup-2-1][INFO][GreetingPacket]-msg.readableBytes=78
[2017-10-03 18:24:44,151][nioEventLoopGroup-2-1][INFO][GreetingPacket]-mysql protocol version: 10
[2017-10-03 18:24:44,151][nioEventLoopGroup-2-1][INFO][GreetingPacket]-serverVersion:5.6.31-log
[2017-10-03 18:24:44,152][nioEventLoopGroup-2-1][INFO][GreetingPacket]-threadId: 37
[2017-10-03 18:24:44,153][nioEventLoopGroup-2-1][INFO][GreetingPacket]-scramblePrefix: @H,?:E.R
[2017-10-03 18:24:44,153][nioEventLoopGroup-2-1][INFO][GreetingPacket]-serverCapabilities:63487
[2017-10-03 18:24:44,154][nioEventLoopGroup-2-1][INFO][GreetingPacket]-serverCollation: 8
[2017-10-03 18:24:44,154][nioEventLoopGroup-2-1][INFO][GreetingPacket]-serverStatus: 2
[2017-10-03 18:24:44,155][nioEventLoopGroup-2-1][INFO][GreetingPacket]-scramble: @H,?:E.R3ITISC5#K0O{
[2017-10-03 18:24:44,156][nioEventLoopGroup-2-1][INFO][GreetingPacket]-pluginData=mysql_native_password
[2017-10-03 18:24:44,159][nioEventLoopGroup-2-1][INFO][GreetingPacketResultHandler]-writeAndFlush authenticateCommand
[2017-10-03 18:24:44,169][nioEventLoopGroup-2-1][INFO][MysqlProtoclHeaderHandler]-+++++++MysqlProtoclHeaderHandler.channelRead0 called
[2017-10-03 18:24:44,170][nioEventLoopGroup-2-1][INFO][MysqlProtoclHeaderHandler]-+++++headerLength=7
[2017-10-03 18:24:44,171][nioEventLoopGroup-2-1][INFO][MysqlProtoclHeaderHandler]------------------
[2017-10-03 18:24:44,171][nioEventLoopGroup-2-1][INFO][MysqlProtoclHeaderHandler]-         +-------------------------------------------------+
         |  0  1  2  3  4  5  6  7  8  9  a  b  c  d  e  f |
+--------+-------------------------------------------------+----------------+
|00000000| 00 00 00 02 00 00 00                            |.......         |
+--------+-------------------------------------------------+----------------+
[2017-10-03 18:24:44,171][nioEventLoopGroup-2-1][INFO][MysqlProtoclHeaderHandler]------------------
[2017-10-03 18:24:44,172][nioEventLoopGroup-2-1][INFO][MysqlProtoclHeaderHandler]-dataBuffer.readableBytes () == this.headerLength=7
[2017-10-03 18:24:44,172][nioEventLoopGroup-2-1][INFO][AuthenticateResultHandler]-writeAndFlush authenticateCommand,msg.readableBytes=7
[2017-10-03 18:37:08,086][nioEventLoopGroup-2-1][INFO][MysqlProtoclHeaderHandler]-+++++++MysqlProtoclHeaderHandler.channelRead0 called
[2017-10-03 18:37:08,116][nioEventLoopGroup-2-1][INFO][MysqlProtoclHeaderHandler]------------------
[2017-10-03 18:37:08,117][nioEventLoopGroup-2-1][INFO][MysqlProtoclHeaderHandler]-         +-------------------------------------------------+
         |  0  1  2  3  4  5  6  7  8  9  a  b  c  d  e  f |
+--------+-------------------------------------------------+----------------+
|00000000| 4e 00 00 00 0a 35 2e 36 2e 33 31 2d 6c 6f 67 00 |N....5.6.31-log.|
|00000010| 26 00 00 00 3e 5b 2f 75 26 58 68 26 00 ff f7 08 |&...>[/u&Xh&....|
|00000020| 02 00 7f 80 15 00 00 00 00 00 00 00 00 00 00 7d |...............}|
|00000030| 66 65 4c 2c 36 6a 34 60 6a 74 28 00 6d 79 73 71 |feL,6j4`jt(.mysq|
|00000040| 6c 5f 6e 61 74 69 76 65 5f 70 61 73 73 77 6f 72 |l_native_passwor|
|00000050| 64 00                                           |d.              |
+--------+-------------------------------------------------+----------------+
[2017-10-03 18:37:08,118][nioEventLoopGroup-2-1][INFO][MysqlProtoclHeaderHandler]------------------
[2017-10-03 18:37:08,120][nioEventLoopGroup-2-1][INFO][MysqlProtoclHeaderHandler]-+++++headerLength=78
[2017-10-03 18:37:08,121][nioEventLoopGroup-2-1][INFO][MysqlProtoclHeaderHandler]------------------
[2017-10-03 18:37:08,122][nioEventLoopGroup-2-1][INFO][MysqlProtoclHeaderHandler]-         +-------------------------------------------------+
         |  0  1  2  3  4  5  6  7  8  9  a  b  c  d  e  f |
+--------+-------------------------------------------------+----------------+
|00000000| 0a 35 2e 36 2e 33 31 2d 6c 6f 67 00 26 00 00 00 |.5.6.31-log.&...|
|00000010| 3e 5b 2f 75 26 58 68 26 00 ff f7 08 02 00 7f 80 |>[/u&Xh&........|
|00000020| 15 00 00 00 00 00 00 00 00 00 00 7d 66 65 4c 2c |...........}feL,|
|00000030| 36 6a 34 60 6a 74 28 00 6d 79 73 71 6c 5f 6e 61 |6j4`jt(.mysql_na|
|00000040| 74 69 76 65 5f 70 61 73 73 77 6f 72 64 00       |tive_password.  |
+--------+-------------------------------------------------+----------------+
[2017-10-03 18:37:08,123][nioEventLoopGroup-2-1][INFO][MysqlProtoclHeaderHandler]------------------
[2017-10-03 18:37:08,123][nioEventLoopGroup-2-1][INFO][MysqlProtoclHeaderHandler]-dataBuffer.readableBytes () == this.headerLength=78
[2017-10-03 18:37:08,130][nioEventLoopGroup-2-1][INFO][GreetingPacket]-msg.readableBytes=78
[2017-10-03 18:37:08,139][nioEventLoopGroup-2-1][INFO][GreetingPacket]-mysql protocol version: 10
[2017-10-03 18:37:08,167][nioEventLoopGroup-2-1][INFO][GreetingPacket]-serverVersion:5.6.31-log
[2017-10-03 18:37:08,169][nioEventLoopGroup-2-1][INFO][GreetingPacket]-threadId: 38
[2017-10-03 18:37:08,170][nioEventLoopGroup-2-1][INFO][GreetingPacket]-scramblePrefix: >[/u&Xh&
[2017-10-03 18:37:08,171][nioEventLoopGroup-2-1][INFO][GreetingPacket]-serverCapabilities:63487
[2017-10-03 18:37:08,172][nioEventLoopGroup-2-1][INFO][GreetingPacket]-serverCollation: 8
[2017-10-03 18:37:08,172][nioEventLoopGroup-2-1][INFO][GreetingPacket]-serverStatus: 2
[2017-10-03 18:37:08,173][nioEventLoopGroup-2-1][INFO][GreetingPacket]-scramble: >[/u&Xh&}feL,6j4`jt(
[2017-10-03 18:37:08,173][nioEventLoopGroup-2-1][INFO][GreetingPacket]-pluginData=mysql_native_password
[2017-10-03 18:37:08,176][nioEventLoopGroup-2-1][INFO][GreetingPacketResultHandler]-writeAndFlush authenticateCommand
[2017-10-03 18:37:08,211][nioEventLoopGroup-2-1][INFO][MysqlProtoclHeaderHandler]-+++++++MysqlProtoclHeaderHandler.channelRead0 called
[2017-10-03 18:37:08,215][nioEventLoopGroup-2-1][INFO][MysqlProtoclHeaderHandler]------------------
[2017-10-03 18:37:08,216][nioEventLoopGroup-2-1][INFO][MysqlProtoclHeaderHandler]-         +-------------------------------------------------+
         |  0  1  2  3  4  5  6  7  8  9  a  b  c  d  e  f |
+--------+-------------------------------------------------+----------------+
|00000000| 07 00 00 02 00 00 00 02 00 00 00                |...........     |
+--------+-------------------------------------------------+----------------+
[2017-10-03 18:37:08,218][nioEventLoopGroup-2-1][INFO][MysqlProtoclHeaderHandler]------------------
[2017-10-03 18:37:08,218][nioEventLoopGroup-2-1][INFO][MysqlProtoclHeaderHandler]-+++++headerLength=7
[2017-10-03 18:37:08,219][nioEventLoopGroup-2-1][INFO][MysqlProtoclHeaderHandler]------------------
[2017-10-03 18:37:08,220][nioEventLoopGroup-2-1][INFO][MysqlProtoclHeaderHandler]-         +-------------------------------------------------+
         |  0  1  2  3  4  5  6  7  8  9  a  b  c  d  e  f |
+--------+-------------------------------------------------+----------------+
|00000000| 00 00 00 02 00 00 00                            |.......         |
+--------+-------------------------------------------------+----------------+
[2017-10-03 18:37:08,220][nioEventLoopGroup-2-1][INFO][MysqlProtoclHeaderHandler]------------------
[2017-10-03 18:37:08,221][nioEventLoopGroup-2-1][INFO][MysqlProtoclHeaderHandler]-dataBuffer.readableBytes () == this.headerLength=7
[2017-10-03 18:37:08,222][nioEventLoopGroup-2-1][INFO][AuthenticateResultHandler]-writeAndFlush authenticateCommand,msg.readableBytes=7
[2017-10-03 20:19:12,830][nioEventLoopGroup-2-1][INFO][MysqlProtoclHeaderHandler]-+++++++MysqlProtoclHeaderHandler.channelRead0 called
[2017-10-03 20:19:12,859][nioEventLoopGroup-2-1][INFO][MysqlProtoclHeaderHandler]------------------
[2017-10-03 20:19:12,860][nioEventLoopGroup-2-1][INFO][MysqlProtoclHeaderHandler]-         +-------------------------------------------------+
         |  0  1  2  3  4  5  6  7  8  9  a  b  c  d  e  f |
+--------+-------------------------------------------------+----------------+
|00000000| 4e 00 00 00 0a 35 2e 36 2e 33 31 2d 6c 6f 67 00 |N....5.6.31-log.|
|00000010| 28 00 00 00 5c 7b 77 64 6d 77 30 26 00 ff f7 08 |(...\{wdmw0&....|
|00000020| 02 00 7f 80 15 00 00 00 00 00 00 00 00 00 00 6d |...............m|
|00000030| 74 7d 37 3a 5e 48 31 59 4d 56 48 00 6d 79 73 71 |t}7:^H1YMVH.mysq|
|00000040| 6c 5f 6e 61 74 69 76 65 5f 70 61 73 73 77 6f 72 |l_native_passwor|
|00000050| 64 00                                           |d.              |
+--------+-------------------------------------------------+----------------+
[2017-10-03 20:19:12,861][nioEventLoopGroup-2-1][INFO][MysqlProtoclHeaderHandler]------------------
[2017-10-03 20:19:12,862][nioEventLoopGroup-2-1][INFO][MysqlProtoclHeaderHandler]-+++++headerLength=78
[2017-10-03 20:19:12,863][nioEventLoopGroup-2-1][INFO][MysqlProtoclHeaderHandler]------------------
[2017-10-03 20:19:12,863][nioEventLoopGroup-2-1][INFO][MysqlProtoclHeaderHandler]-         +-------------------------------------------------+
         |  0  1  2  3  4  5  6  7  8  9  a  b  c  d  e  f |
+--------+-------------------------------------------------+----------------+
|00000000| 0a 35 2e 36 2e 33 31 2d 6c 6f 67 00 28 00 00 00 |.5.6.31-log.(...|
|00000010| 5c 7b 77 64 6d 77 30 26 00 ff f7 08 02 00 7f 80 |\{wdmw0&........|
|00000020| 15 00 00 00 00 00 00 00 00 00 00 6d 74 7d 37 3a |...........mt}7:|
|00000030| 5e 48 31 59 4d 56 48 00 6d 79 73 71 6c 5f 6e 61 |^H1YMVH.mysql_na|
|00000040| 74 69 76 65 5f 70 61 73 73 77 6f 72 64 00       |tive_password.  |
+--------+-------------------------------------------------+----------------+
[2017-10-03 20:19:12,864][nioEventLoopGroup-2-1][INFO][MysqlProtoclHeaderHandler]------------------
[2017-10-03 20:19:12,864][nioEventLoopGroup-2-1][INFO][MysqlProtoclHeaderHandler]-dataBuffer.readableBytes () == this.headerLength=78
[2017-10-03 20:19:12,866][nioEventLoopGroup-2-1][INFO][GreetingPacket]-msg.readableBytes=78
[2017-10-03 20:19:12,867][nioEventLoopGroup-2-1][INFO][GreetingPacket]-mysql protocol version: 10
[2017-10-03 20:19:12,867][nioEventLoopGroup-2-1][INFO][GreetingPacket]-serverVersion:5.6.31-log
[2017-10-03 20:19:12,867][nioEventLoopGroup-2-1][INFO][GreetingPacket]-threadId: 40
[2017-10-03 20:19:12,868][nioEventLoopGroup-2-1][INFO][GreetingPacket]-scramblePrefix: \{wdmw0&
[2017-10-03 20:19:12,868][nioEventLoopGroup-2-1][INFO][GreetingPacket]-serverCapabilities:63487
[2017-10-03 20:19:12,868][nioEventLoopGroup-2-1][INFO][GreetingPacket]-serverCollation: 8
[2017-10-03 20:19:12,868][nioEventLoopGroup-2-1][INFO][GreetingPacket]-serverStatus: 2
[2017-10-03 20:19:12,869][nioEventLoopGroup-2-1][INFO][GreetingPacket]-scramble: \{wdmw0&mt}7:^H1YMVH
[2017-10-03 20:19:12,869][nioEventLoopGroup-2-1][INFO][GreetingPacket]-pluginData=mysql_native_password
[2017-10-03 20:19:12,871][nioEventLoopGroup-2-1][INFO][GreetingPacketResultHandler]-writeAndFlush authenticateCommand
[2017-10-03 20:19:12,879][nioEventLoopGroup-2-1][INFO][MysqlProtoclHeaderHandler]-+++++++MysqlProtoclHeaderHandler.channelRead0 called
[2017-10-03 20:19:12,880][nioEventLoopGroup-2-1][INFO][MysqlProtoclHeaderHandler]------------------
[2017-10-03 20:19:12,881][nioEventLoopGroup-2-1][INFO][MysqlProtoclHeaderHandler]-         +-------------------------------------------------+
         |  0  1  2  3  4  5  6  7  8  9  a  b  c  d  e  f |
+--------+-------------------------------------------------+----------------+
|00000000| 07 00 00 02 00 00 00 02 00 00 00                |...........     |
+--------+-------------------------------------------------+----------------+
[2017-10-03 20:19:12,881][nioEventLoopGroup-2-1][INFO][MysqlProtoclHeaderHandler]------------------
[2017-10-03 20:19:12,881][nioEventLoopGroup-2-1][INFO][MysqlProtoclHeaderHandler]-+++++headerLength=7
[2017-10-03 20:19:12,882][nioEventLoopGroup-2-1][INFO][MysqlProtoclHeaderHandler]------------------
[2017-10-03 20:19:12,882][nioEventLoopGroup-2-1][INFO][MysqlProtoclHeaderHandler]-         +-------------------------------------------------+
         |  0  1  2  3  4  5  6  7  8  9  a  b  c  d  e  f |
+--------+-------------------------------------------------+----------------+
|00000000| 00 00 00 02 00 00 00                            |.......         |
+--------+-------------------------------------------------+----------------+
[2017-10-03 20:19:12,883][nioEventLoopGroup-2-1][INFO][MysqlProtoclHeaderHandler]------------------
[2017-10-03 20:19:12,883][nioEventLoopGroup-2-1][INFO][MysqlProtoclHeaderHandler]-dataBuffer.readableBytes () == this.headerLength=7
[2017-10-03 20:19:12,884][nioEventLoopGroup-2-1][INFO][AuthenticateResultHandler]-writeAndFlush authenticateCommand,msg.readableBytes=7
[2017-10-03 20:19:12,885][nioEventLoopGroup-2-1][INFO][AuthenticateResultHandler]-------------------------
[2017-10-03 20:19:12,886][nioEventLoopGroup-2-1][INFO][AuthenticateResultHandler]-OKPacket{resultCode=0, affectedRows=0, lastInsertId=0, statusFlag=2, numberOfWarning=0}
[2017-10-03 20:19:12,887][nioEventLoopGroup-2-1][INFO][AuthenticateResultHandler]-------------------------
[2017-10-03 20:20:07,731][nioEventLoopGroup-2-1][INFO][MysqlProtoclHeaderHandler]-+++++++MysqlProtoclHeaderHandler.channelRead0 called
[2017-10-03 20:20:07,753][nioEventLoopGroup-2-1][INFO][MysqlProtoclHeaderHandler]------------------
[2017-10-03 20:20:07,753][nioEventLoopGroup-2-1][INFO][MysqlProtoclHeaderHandler]-         +-------------------------------------------------+
         |  0  1  2  3  4  5  6  7  8  9  a  b  c  d  e  f |
+--------+-------------------------------------------------+----------------+
|00000000| 4e 00 00 00 0a 35 2e 36 2e 33 31 2d 6c 6f 67 00 |N....5.6.31-log.|
|00000010| 29 00 00 00 5b 30 79 36 3f 78 60 58 00 ff f7 08 |)...[0y6?x`X....|
|00000020| 02 00 7f 80 15 00 00 00 00 00 00 00 00 00 00 76 |...............v|
|00000030| 6d 3d 28 4e 34 56 35 45 3b 38 48 00 6d 79 73 71 |m=(N4V5E;8H.mysq|
|00000040| 6c 5f 6e 61 74 69 76 65 5f 70 61 73 73 77 6f 72 |l_native_passwor|
|00000050| 64 00                                           |d.              |
+--------+-------------------------------------------------+----------------+
[2017-10-03 20:20:07,754][nioEventLoopGroup-2-1][INFO][MysqlProtoclHeaderHandler]------------------
[2017-10-03 20:20:07,755][nioEventLoopGroup-2-1][INFO][MysqlProtoclHeaderHandler]-+++++headerLength=78
[2017-10-03 20:20:07,756][nioEventLoopGroup-2-1][INFO][MysqlProtoclHeaderHandler]------------------
[2017-10-03 20:20:07,757][nioEventLoopGroup-2-1][INFO][MysqlProtoclHeaderHandler]-         +-------------------------------------------------+
         |  0  1  2  3  4  5  6  7  8  9  a  b  c  d  e  f |
+--------+-------------------------------------------------+----------------+
|00000000| 0a 35 2e 36 2e 33 31 2d 6c 6f 67 00 29 00 00 00 |.5.6.31-log.)...|
|00000010| 5b 30 79 36 3f 78 60 58 00 ff f7 08 02 00 7f 80 |[0y6?x`X........|
|00000020| 15 00 00 00 00 00 00 00 00 00 00 76 6d 3d 28 4e |...........vm=(N|
|00000030| 34 56 35 45 3b 38 48 00 6d 79 73 71 6c 5f 6e 61 |4V5E;8H.mysql_na|
|00000040| 74 69 76 65 5f 70 61 73 73 77 6f 72 64 00       |tive_password.  |
+--------+-------------------------------------------------+----------------+
[2017-10-03 20:20:07,757][nioEventLoopGroup-2-1][INFO][MysqlProtoclHeaderHandler]------------------
[2017-10-03 20:20:07,758][nioEventLoopGroup-2-1][INFO][MysqlProtoclHeaderHandler]-dataBuffer.readableBytes () == this.headerLength=78
[2017-10-03 20:20:07,759][nioEventLoopGroup-2-1][INFO][GreetingPacket]-msg.readableBytes=78
[2017-10-03 20:20:07,760][nioEventLoopGroup-2-1][INFO][GreetingPacket]-mysql protocol version: 10
[2017-10-03 20:20:07,760][nioEventLoopGroup-2-1][INFO][GreetingPacket]-serverVersion:5.6.31-log
[2017-10-03 20:20:07,760][nioEventLoopGroup-2-1][INFO][GreetingPacket]-threadId: 41
[2017-10-03 20:20:07,761][nioEventLoopGroup-2-1][INFO][GreetingPacket]-scramblePrefix: [0y6?x`X
[2017-10-03 20:20:07,761][nioEventLoopGroup-2-1][INFO][GreetingPacket]-serverCapabilities:63487
[2017-10-03 20:20:07,761][nioEventLoopGroup-2-1][INFO][GreetingPacket]-serverCollation: 8
[2017-10-03 20:20:07,761][nioEventLoopGroup-2-1][INFO][GreetingPacket]-serverStatus: 2
[2017-10-03 20:20:07,762][nioEventLoopGroup-2-1][INFO][GreetingPacket]-scramble: [0y6?x`Xvm=(N4V5E;8H
[2017-10-03 20:20:07,762][nioEventLoopGroup-2-1][INFO][GreetingPacket]-pluginData=mysql_native_password
[2017-10-03 20:20:07,765][nioEventLoopGroup-2-1][INFO][GreetingPacketResultHandler]-writeAndFlush authenticateCommand
[2017-10-03 20:20:07,773][nioEventLoopGroup-2-1][INFO][MysqlProtoclHeaderHandler]-+++++++MysqlProtoclHeaderHandler.channelRead0 called
[2017-10-03 20:20:07,773][nioEventLoopGroup-2-1][INFO][MysqlProtoclHeaderHandler]------------------
[2017-10-03 20:20:07,774][nioEventLoopGroup-2-1][INFO][MysqlProtoclHeaderHandler]-         +-------------------------------------------------+
         |  0  1  2  3  4  5  6  7  8  9  a  b  c  d  e  f |
+--------+-------------------------------------------------+----------------+
|00000000| 07 00 00 02 00 00 00 02 00 00 00                |...........     |
+--------+-------------------------------------------------+----------------+
[2017-10-03 20:20:07,775][nioEventLoopGroup-2-1][INFO][MysqlProtoclHeaderHandler]------------------
[2017-10-03 20:20:07,776][nioEventLoopGroup-2-1][INFO][MysqlProtoclHeaderHandler]-+++++headerLength=7
[2017-10-03 20:20:07,777][nioEventLoopGroup-2-1][INFO][MysqlProtoclHeaderHandler]------------------
[2017-10-03 20:20:07,777][nioEventLoopGroup-2-1][INFO][MysqlProtoclHeaderHandler]-         +-------------------------------------------------+
         |  0  1  2  3  4  5  6  7  8  9  a  b  c  d  e  f |
+--------+-------------------------------------------------+----------------+
|00000000| 00 00 00 02 00 00 00                            |.......         |
+--------+-------------------------------------------------+----------------+
[2017-10-03 20:20:07,777][nioEventLoopGroup-2-1][INFO][MysqlProtoclHeaderHandler]------------------
[2017-10-03 20:20:07,780][nioEventLoopGroup-2-1][INFO][MysqlProtoclHeaderHandler]-dataBuffer.readableBytes () == this.headerLength=7
[2017-10-03 20:20:07,780][nioEventLoopGroup-2-1][INFO][AuthenticateResultHandler]-writeAndFlush authenticateCommand,msg.readableBytes=7
[2017-10-03 20:20:07,781][nioEventLoopGroup-2-1][INFO][AuthenticateResultHandler]-------------------------
[2017-10-03 20:20:07,782][nioEventLoopGroup-2-1][INFO][AuthenticateResultHandler]-OKPacket{resultCode=0, affectedRows=0, lastInsertId=0, statusFlag=2, numberOfWarning=0}
[2017-10-03 20:20:07,783][nioEventLoopGroup-2-1][INFO][AuthenticateResultHandler]-------------------------
[2017-10-03 20:20:57,270][nioEventLoopGroup-2-1][INFO][MysqlProtoclHeaderHandler]-+++++++MysqlProtoclHeaderHandler.channelRead0 called
[2017-10-03 20:20:57,294][nioEventLoopGroup-2-1][INFO][MysqlProtoclHeaderHandler]------------------
[2017-10-03 20:20:57,295][nioEventLoopGroup-2-1][INFO][MysqlProtoclHeaderHandler]-         +-------------------------------------------------+
         |  0  1  2  3  4  5  6  7  8  9  a  b  c  d  e  f |
+--------+-------------------------------------------------+----------------+
|00000000| 4e 00 00 00 0a 35 2e 36 2e 33 31 2d 6c 6f 67 00 |N....5.6.31-log.|
|00000010| 2a 00 00 00 2a 4a 75 30 2e 37 66 7d 00 ff f7 08 |*...*Ju0.7f}....|
|00000020| 02 00 7f 80 15 00 00 00 00 00 00 00 00 00 00 62 |...............b|
|00000030| 54 5d 58 23 43 66 57 62 66 59 6c 00 6d 79 73 71 |T]X#CfWbfYl.mysq|
|00000040| 6c 5f 6e 61 74 69 76 65 5f 70 61 73 73 77 6f 72 |l_native_passwor|
|00000050| 64 00                                           |d.              |
+--------+-------------------------------------------------+----------------+
[2017-10-03 20:20:57,295][nioEventLoopGroup-2-1][INFO][MysqlProtoclHeaderHandler]------------------
[2017-10-03 20:20:57,296][nioEventLoopGroup-2-1][INFO][MysqlProtoclHeaderHandler]-+++++headerLength=78
[2017-10-03 20:20:57,297][nioEventLoopGroup-2-1][INFO][MysqlProtoclHeaderHandler]------------------
[2017-10-03 20:20:57,298][nioEventLoopGroup-2-1][INFO][MysqlProtoclHeaderHandler]-         +-------------------------------------------------+
         |  0  1  2  3  4  5  6  7  8  9  a  b  c  d  e  f |
+--------+-------------------------------------------------+----------------+
|00000000| 0a 35 2e 36 2e 33 31 2d 6c 6f 67 00 2a 00 00 00 |.5.6.31-log.*...|
|00000010| 2a 4a 75 30 2e 37 66 7d 00 ff f7 08 02 00 7f 80 |*Ju0.7f}........|
|00000020| 15 00 00 00 00 00 00 00 00 00 00 62 54 5d 58 23 |...........bT]X#|
|00000030| 43 66 57 62 66 59 6c 00 6d 79 73 71 6c 5f 6e 61 |CfWbfYl.mysql_na|
|00000040| 74 69 76 65 5f 70 61 73 73 77 6f 72 64 00       |tive_password.  |
+--------+-------------------------------------------------+----------------+
[2017-10-03 20:20:57,298][nioEventLoopGroup-2-1][INFO][MysqlProtoclHeaderHandler]------------------
[2017-10-03 20:20:57,298][nioEventLoopGroup-2-1][INFO][MysqlProtoclHeaderHandler]-dataBuffer.readableBytes () == this.headerLength=78
[2017-10-03 20:20:57,300][nioEventLoopGroup-2-1][INFO][GreetingPacket]-msg.readableBytes=78
[2017-10-03 20:20:57,300][nioEventLoopGroup-2-1][INFO][GreetingPacket]-mysql protocol version: 10
[2017-10-03 20:20:57,301][nioEventLoopGroup-2-1][INFO][GreetingPacket]-serverVersion:5.6.31-log
[2017-10-03 20:20:57,301][nioEventLoopGroup-2-1][INFO][GreetingPacket]-threadId: 42
[2017-10-03 20:20:57,301][nioEventLoopGroup-2-1][INFO][GreetingPacket]-scramblePrefix: *Ju0.7f}
[2017-10-03 20:20:57,302][nioEventLoopGroup-2-1][INFO][GreetingPacket]-serverCapabilities:63487
[2017-10-03 20:20:57,302][nioEventLoopGroup-2-1][INFO][GreetingPacket]-serverCollation: 8
[2017-10-03 20:20:57,302][nioEventLoopGroup-2-1][INFO][GreetingPacket]-serverStatus: 2
[2017-10-03 20:20:57,303][nioEventLoopGroup-2-1][INFO][GreetingPacket]-scramble: *Ju0.7f}bT]X#CfWbfYl
[2017-10-03 20:20:57,303][nioEventLoopGroup-2-1][INFO][GreetingPacket]-pluginData=mysql_native_password
[2017-10-03 20:20:57,306][nioEventLoopGroup-2-1][INFO][GreetingPacketResultHandler]-writeAndFlush authenticateCommand
[2017-10-03 20:20:57,314][nioEventLoopGroup-2-1][INFO][MysqlProtoclHeaderHandler]-+++++++MysqlProtoclHeaderHandler.channelRead0 called
[2017-10-03 20:20:57,315][nioEventLoopGroup-2-1][INFO][MysqlProtoclHeaderHandler]------------------
[2017-10-03 20:20:57,315][nioEventLoopGroup-2-1][INFO][MysqlProtoclHeaderHandler]-         +-------------------------------------------------+
         |  0  1  2  3  4  5  6  7  8  9  a  b  c  d  e  f |
+--------+-------------------------------------------------+----------------+
|00000000| 07 00 00 02 00 00 00 02 00 00 00                |...........     |
+--------+-------------------------------------------------+----------------+
[2017-10-03 20:20:57,316][nioEventLoopGroup-2-1][INFO][MysqlProtoclHeaderHandler]------------------
[2017-10-03 20:20:57,316][nioEventLoopGroup-2-1][INFO][MysqlProtoclHeaderHandler]-+++++headerLength=7
[2017-10-03 20:20:57,317][nioEventLoopGroup-2-1][INFO][MysqlProtoclHeaderHandler]------------------
[2017-10-03 20:20:57,317][nioEventLoopGroup-2-1][INFO][MysqlProtoclHeaderHandler]-         +-------------------------------------------------+
         |  0  1  2  3  4  5  6  7  8  9  a  b  c  d  e  f |
+--------+-------------------------------------------------+----------------+
|00000000| 00 00 00 02 00 00 00                            |.......         |
+--------+-------------------------------------------------+----------------+
[2017-10-03 20:20:57,317][nioEventLoopGroup-2-1][INFO][MysqlProtoclHeaderHandler]------------------
[2017-10-03 20:20:57,317][nioEventLoopGroup-2-1][INFO][MysqlProtoclHeaderHandler]-dataBuffer.readableBytes () == this.headerLength=7
[2017-10-03 20:20:57,318][nioEventLoopGroup-2-1][INFO][AuthenticateResultHandler]-writeAndFlush authenticateCommand,msg.readableBytes=7
[2017-10-03 20:20:57,319][nioEventLoopGroup-2-1][INFO][AuthenticateResultHandler]-------------------------
[2017-10-03 20:20:57,319][nioEventLoopGroup-2-1][INFO][AuthenticateResultHandler]--------
OKPacket{resultCode=0, affectedRows=0, lastInsertId=0, statusFlag=2, numberOfWarning=0}------------

[2017-10-03 20:20:57,320][nioEventLoopGroup-2-1][INFO][AuthenticateResultHandler]-------------------------
[2017-10-03 21:54:10,842][nioEventLoopGroup-2-1][INFO][GreetingPacketResultHandler]------------------------
User=root111
Pwd=:password1111
[2017-10-03 21:54:10,901][nioEventLoopGroup-2-1][INFO][MysqlProtoclHeaderHandler]-+++++++MysqlProtoclHeaderHandler.channelRead0 called
[2017-10-03 21:54:10,935][nioEventLoopGroup-2-1][INFO][MysqlProtoclHeaderHandler]------------------
[2017-10-03 21:54:10,936][nioEventLoopGroup-2-1][INFO][MysqlProtoclHeaderHandler]-         +-------------------------------------------------+
         |  0  1  2  3  4  5  6  7  8  9  a  b  c  d  e  f |
+--------+-------------------------------------------------+----------------+
|00000000| 4e 00 00 00 0a 35 2e 36 2e 33 31 2d 6c 6f 67 00 |N....5.6.31-log.|
|00000010| 2c 00 00 00 5d 4f 54 3a 64 67 58 64 00 ff f7 08 |,...]OT:dgXd....|
|00000020| 02 00 7f 80 15 00 00 00 00 00 00 00 00 00 00 6d |...............m|
|00000030| 78 33 34 4a 56 53 7b 35 34 46 40 00 6d 79 73 71 |x34JVS{54F@.mysq|
|00000040| 6c 5f 6e 61 74 69 76 65 5f 70 61 73 73 77 6f 72 |l_native_passwor|
|00000050| 64 00                                           |d.              |
+--------+-------------------------------------------------+----------------+
[2017-10-03 21:54:10,936][nioEventLoopGroup-2-1][INFO][MysqlProtoclHeaderHandler]------------------
[2017-10-03 21:54:10,937][nioEventLoopGroup-2-1][INFO][MysqlProtoclHeaderHandler]-+++++headerLength=78
[2017-10-03 21:54:10,939][nioEventLoopGroup-2-1][INFO][MysqlProtoclHeaderHandler]------------------
[2017-10-03 21:54:10,939][nioEventLoopGroup-2-1][INFO][MysqlProtoclHeaderHandler]-         +-------------------------------------------------+
         |  0  1  2  3  4  5  6  7  8  9  a  b  c  d  e  f |
+--------+-------------------------------------------------+----------------+
|00000000| 0a 35 2e 36 2e 33 31 2d 6c 6f 67 00 2c 00 00 00 |.5.6.31-log.,...|
|00000010| 5d 4f 54 3a 64 67 58 64 00 ff f7 08 02 00 7f 80 |]OT:dgXd........|
|00000020| 15 00 00 00 00 00 00 00 00 00 00 6d 78 33 34 4a |...........mx34J|
|00000030| 56 53 7b 35 34 46 40 00 6d 79 73 71 6c 5f 6e 61 |VS{54F@.mysql_na|
|00000040| 74 69 76 65 5f 70 61 73 73 77 6f 72 64 00       |tive_password.  |
+--------+-------------------------------------------------+----------------+
[2017-10-03 21:54:10,939][nioEventLoopGroup-2-1][INFO][MysqlProtoclHeaderHandler]------------------
[2017-10-03 21:54:10,939][nioEventLoopGroup-2-1][INFO][MysqlProtoclHeaderHandler]-dataBuffer.readableBytes () == this.headerLength=78
[2017-10-03 21:54:10,940][nioEventLoopGroup-2-1][INFO][GreetingPacket]-msg.readableBytes=78
[2017-10-03 21:54:10,941][nioEventLoopGroup-2-1][INFO][GreetingPacket]-mysql protocol version: 10
[2017-10-03 21:54:10,941][nioEventLoopGroup-2-1][INFO][GreetingPacket]-serverVersion:5.6.31-log
[2017-10-03 21:54:10,942][nioEventLoopGroup-2-1][INFO][GreetingPacket]-threadId: 44
[2017-10-03 21:54:10,943][nioEventLoopGroup-2-1][INFO][GreetingPacket]-scramblePrefix: ]OT:dgXd
[2017-10-03 21:54:10,943][nioEventLoopGroup-2-1][INFO][GreetingPacket]-serverCapabilities:63487
[2017-10-03 21:54:10,943][nioEventLoopGroup-2-1][INFO][GreetingPacket]-serverCollation: 8
[2017-10-03 21:54:10,944][nioEventLoopGroup-2-1][INFO][GreetingPacket]-serverStatus: 2
[2017-10-03 21:54:10,944][nioEventLoopGroup-2-1][INFO][GreetingPacket]-scramble: ]OT:dgXdmx34JVS{54F@
[2017-10-03 21:54:10,945][nioEventLoopGroup-2-1][INFO][GreetingPacket]-pluginData=mysql_native_password
[2017-10-03 21:54:10,946][nioEventLoopGroup-2-1][INFO][GreetingPacketResultHandler]-writeAndFlush authenticateCommand
[2017-10-03 21:54:10,965][nioEventLoopGroup-2-1][INFO][MysqlProtoclHeaderHandler]-+++++++MysqlProtoclHeaderHandler.channelRead0 called
[2017-10-03 21:54:10,966][nioEventLoopGroup-2-1][INFO][MysqlProtoclHeaderHandler]------------------
[2017-10-03 21:54:10,967][nioEventLoopGroup-2-1][INFO][MysqlProtoclHeaderHandler]-         +-------------------------------------------------+
         |  0  1  2  3  4  5  6  7  8  9  a  b  c  d  e  f |
+--------+-------------------------------------------------+----------------+
|00000000| 07 00 00 02 00 00 00 02 00 00 00                |...........     |
+--------+-------------------------------------------------+----------------+
[2017-10-03 21:54:10,967][nioEventLoopGroup-2-1][INFO][MysqlProtoclHeaderHandler]------------------
[2017-10-03 21:54:10,968][nioEventLoopGroup-2-1][INFO][MysqlProtoclHeaderHandler]-+++++headerLength=7
[2017-10-03 21:54:10,968][nioEventLoopGroup-2-1][INFO][MysqlProtoclHeaderHandler]------------------
[2017-10-03 21:54:10,969][nioEventLoopGroup-2-1][INFO][MysqlProtoclHeaderHandler]-         +-------------------------------------------------+
         |  0  1  2  3  4  5  6  7  8  9  a  b  c  d  e  f |
+--------+-------------------------------------------------+----------------+
|00000000| 00 00 00 02 00 00 00                            |.......         |
+--------+-------------------------------------------------+----------------+
[2017-10-03 21:54:10,972][nioEventLoopGroup-2-1][INFO][MysqlProtoclHeaderHandler]------------------
[2017-10-03 21:54:10,973][nioEventLoopGroup-2-1][INFO][MysqlProtoclHeaderHandler]-dataBuffer.readableBytes () == this.headerLength=7
[2017-10-03 21:54:10,973][nioEventLoopGroup-2-1][INFO][AuthenticateResultHandler]-writeAndFlush authenticateCommand,msg.readableBytes=7
[2017-10-03 21:54:10,974][nioEventLoopGroup-2-1][INFO][AuthenticateResultHandler]-------------------------
[2017-10-03 21:54:10,975][nioEventLoopGroup-2-1][INFO][AuthenticateResultHandler]-
-------
OKPacket{resultCode=0, affectedRows=0, lastInsertId=0, statusFlag=2, numberOfWarning=0}
------------

[2017-10-03 21:54:10,976][nioEventLoopGroup-2-1][INFO][AuthenticateResultHandler]-------------------------
[2017-10-03 23:09:34,851][nioEventLoopGroup-2-1][INFO][GreetingPacketResultHandler]------------------------
User=root111
Pwd=:password1111
[2017-10-03 23:09:34,861][nioEventLoopGroup-2-1][INFO][MysqlProtoclHeaderHandler]-+++++++MysqlProtoclHeaderHandler.channelRead0 called
[2017-10-03 23:09:34,893][nioEventLoopGroup-2-1][INFO][MysqlProtoclHeaderHandler]------------------
[2017-10-03 23:09:34,894][nioEventLoopGroup-2-1][INFO][MysqlProtoclHeaderHandler]-         +-------------------------------------------------+
         |  0  1  2  3  4  5  6  7  8  9  a  b  c  d  e  f |
+--------+-------------------------------------------------+----------------+
|00000000| 4e 00 00 00 0a 35 2e 37 2e 31 38 2d 6c 6f 67 00 |N....5.7.18-log.|
|00000010| 06 00 00 00 4f 42 75 26 71 51 5e 22 00 ff f7 08 |....OBu&qQ^"....|
|00000020| 02 00 ff 81 15 00 00 00 00 00 00 00 00 00 00 2a |...............*|
|00000030| 50 2e 7c 68 32 78 16 57 38 6b 0c 00 6d 79 73 71 |P.|h2x.W8k..mysq|
|00000040| 6c 5f 6e 61 74 69 76 65 5f 70 61 73 73 77 6f 72 |l_native_passwor|
|00000050| 64 00                                           |d.              |
+--------+-------------------------------------------------+----------------+
[2017-10-03 23:09:34,894][nioEventLoopGroup-2-1][INFO][MysqlProtoclHeaderHandler]------------------
[2017-10-03 23:09:34,895][nioEventLoopGroup-2-1][INFO][MysqlProtoclHeaderHandler]-+++++headerLength=78
[2017-10-03 23:09:34,896][nioEventLoopGroup-2-1][INFO][MysqlProtoclHeaderHandler]------------------
[2017-10-03 23:09:34,897][nioEventLoopGroup-2-1][INFO][MysqlProtoclHeaderHandler]-         +-------------------------------------------------+
         |  0  1  2  3  4  5  6  7  8  9  a  b  c  d  e  f |
+--------+-------------------------------------------------+----------------+
|00000000| 0a 35 2e 37 2e 31 38 2d 6c 6f 67 00 06 00 00 00 |.5.7.18-log.....|
|00000010| 4f 42 75 26 71 51 5e 22 00 ff f7 08 02 00 ff 81 |OBu&qQ^"........|
|00000020| 15 00 00 00 00 00 00 00 00 00 00 2a 50 2e 7c 68 |...........*P.|h|
|00000030| 32 78 16 57 38 6b 0c 00 6d 79 73 71 6c 5f 6e 61 |2x.W8k..mysql_na|
|00000040| 74 69 76 65 5f 70 61 73 73 77 6f 72 64 00       |tive_password.  |
+--------+-------------------------------------------------+----------------+
[2017-10-03 23:09:34,897][nioEventLoopGroup-2-1][INFO][MysqlProtoclHeaderHandler]------------------
[2017-10-03 23:09:34,897][nioEventLoopGroup-2-1][INFO][MysqlProtoclHeaderHandler]-dataBuffer.readableBytes () == this.headerLength=78
[2017-10-03 23:09:34,898][nioEventLoopGroup-2-1][INFO][GreetingPacket]-msg.readableBytes=78
[2017-10-03 23:09:34,899][nioEventLoopGroup-2-1][INFO][GreetingPacket]-mysql protocol version: 10
[2017-10-03 23:09:34,899][nioEventLoopGroup-2-1][INFO][GreetingPacket]-serverVersion:5.7.18-log
[2017-10-03 23:09:34,900][nioEventLoopGroup-2-1][INFO][GreetingPacket]-threadId: 6
[2017-10-03 23:09:34,900][nioEventLoopGroup-2-1][INFO][GreetingPacket]-scramblePrefix: OBu&qQ^"
[2017-10-03 23:09:34,900][nioEventLoopGroup-2-1][INFO][GreetingPacket]-serverCapabilities:63487
[2017-10-03 23:09:34,901][nioEventLoopGroup-2-1][INFO][GreetingPacket]-serverCollation: 8
[2017-10-03 23:09:34,901][nioEventLoopGroup-2-1][INFO][GreetingPacket]-serverStatus: 2
[2017-10-03 23:09:34,902][nioEventLoopGroup-2-1][INFO][GreetingPacket]-scramble: OBu&qQ^"*P.|h2xW8k
[2017-10-03 23:09:34,902][nioEventLoopGroup-2-1][INFO][GreetingPacket]-pluginData=mysql_native_password
[2017-10-03 23:09:34,904][nioEventLoopGroup-2-1][INFO][GreetingPacketResultHandler]-writeAndFlush authenticateCommand
[2017-10-03 23:09:34,924][nioEventLoopGroup-2-1][INFO][MysqlProtoclHeaderHandler]-+++++++MysqlProtoclHeaderHandler.channelRead0 called
[2017-10-03 23:09:34,925][nioEventLoopGroup-2-1][INFO][MysqlProtoclHeaderHandler]------------------
[2017-10-03 23:09:34,925][nioEventLoopGroup-2-1][INFO][MysqlProtoclHeaderHandler]-         +-------------------------------------------------+
         |  0  1  2  3  4  5  6  7  8  9  a  b  c  d  e  f |
+--------+-------------------------------------------------+----------------+
|00000000| 07 00 00 02 00 00 00 02 00 00 00                |...........     |
+--------+-------------------------------------------------+----------------+
[2017-10-03 23:09:34,925][nioEventLoopGroup-2-1][INFO][MysqlProtoclHeaderHandler]------------------
[2017-10-03 23:09:34,925][nioEventLoopGroup-2-1][INFO][MysqlProtoclHeaderHandler]-+++++headerLength=7
[2017-10-03 23:09:34,926][nioEventLoopGroup-2-1][INFO][MysqlProtoclHeaderHandler]------------------
[2017-10-03 23:09:34,926][nioEventLoopGroup-2-1][INFO][MysqlProtoclHeaderHandler]-         +-------------------------------------------------+
         |  0  1  2  3  4  5  6  7  8  9  a  b  c  d  e  f |
+--------+-------------------------------------------------+----------------+
|00000000| 00 00 00 02 00 00 00                            |.......         |
+--------+-------------------------------------------------+----------------+
[2017-10-03 23:09:34,927][nioEventLoopGroup-2-1][INFO][MysqlProtoclHeaderHandler]------------------
[2017-10-03 23:09:34,927][nioEventLoopGroup-2-1][INFO][MysqlProtoclHeaderHandler]-dataBuffer.readableBytes () == this.headerLength=7
[2017-10-03 23:09:34,927][nioEventLoopGroup-2-1][INFO][AuthenticateResultHandler]-writeAndFlush authenticateCommand,msg.readableBytes=7
[2017-10-03 23:09:34,928][nioEventLoopGroup-2-1][INFO][AuthenticateResultHandler]-------------------------
[2017-10-03 23:09:34,929][nioEventLoopGroup-2-1][INFO][AuthenticateResultHandler]-
-------
OKPacket{resultCode=0, affectedRows=0, lastInsertId=0, statusFlag=2, numberOfWarning=0}
------------

[2017-10-03 23:09:34,929][nioEventLoopGroup-2-1][INFO][AuthenticateResultHandler]-------------------------
[2017-10-03 23:12:21,734][nioEventLoopGroup-2-1][INFO][GreetingPacketResultHandler]------------------------
User=root111
Pwd=:password1111
[2017-10-03 23:12:21,741][nioEventLoopGroup-2-1][INFO][MysqlProtoclHeaderHandler]-+++++++MysqlProtoclHeaderHandler.channelRead0 called
[2017-10-03 23:12:21,755][nioEventLoopGroup-2-1][INFO][MysqlProtoclHeaderHandler]------------------
[2017-10-03 23:12:21,755][nioEventLoopGroup-2-1][INFO][MysqlProtoclHeaderHandler]-         +-------------------------------------------------+
         |  0  1  2  3  4  5  6  7  8  9  a  b  c  d  e  f |
+--------+-------------------------------------------------+----------------+
|00000000| 4e 00 00 00 0a 35 2e 37 2e 31 38 2d 6c 6f 67 00 |N....5.7.18-log.|
|00000010| 07 00 00 00 37 01 5e 12 30 27 4f 4e 00 ff f7 08 |....7.^.0'ON....|
|00000020| 02 00 ff 81 15 00 00 00 00 00 00 00 00 00 00 07 |................|
|00000030| 50 5e 25 48 39 4a 18 50 7b 69 29 00 6d 79 73 71 |P^%H9J.P{i).mysq|
|00000040| 6c 5f 6e 61 74 69 76 65 5f 70 61 73 73 77 6f 72 |l_native_passwor|
|00000050| 64 00                                           |d.              |
+--------+-------------------------------------------------+----------------+
[2017-10-03 23:12:21,756][nioEventLoopGroup-2-1][INFO][MysqlProtoclHeaderHandler]------------------
[2017-10-03 23:12:21,757][nioEventLoopGroup-2-1][INFO][MysqlProtoclHeaderHandler]-+++++headerLength=78
[2017-10-03 23:12:21,757][nioEventLoopGroup-2-1][INFO][MysqlProtoclHeaderHandler]------------------
[2017-10-03 23:12:21,757][nioEventLoopGroup-2-1][INFO][MysqlProtoclHeaderHandler]-         +-------------------------------------------------+
         |  0  1  2  3  4  5  6  7  8  9  a  b  c  d  e  f |
+--------+-------------------------------------------------+----------------+
|00000000| 0a 35 2e 37 2e 31 38 2d 6c 6f 67 00 07 00 00 00 |.5.7.18-log.....|
|00000010| 37 01 5e 12 30 27 4f 4e 00 ff f7 08 02 00 ff 81 |7.^.0'ON........|
|00000020| 15 00 00 00 00 00 00 00 00 00 00 07 50 5e 25 48 |............P^%H|
|00000030| 39 4a 18 50 7b 69 29 00 6d 79 73 71 6c 5f 6e 61 |9J.P{i).mysql_na|
|00000040| 74 69 76 65 5f 70 61 73 73 77 6f 72 64 00       |tive_password.  |
+--------+-------------------------------------------------+----------------+
[2017-10-03 23:12:21,758][nioEventLoopGroup-2-1][INFO][MysqlProtoclHeaderHandler]------------------
[2017-10-03 23:12:21,758][nioEventLoopGroup-2-1][INFO][MysqlProtoclHeaderHandler]-dataBuffer.readableBytes () == this.headerLength=78
[2017-10-03 23:12:21,759][nioEventLoopGroup-2-1][INFO][GreetingPacket]-msg.readableBytes=78
[2017-10-03 23:12:21,760][nioEventLoopGroup-2-1][INFO][GreetingPacket]-mysql protocol version: 10
[2017-10-03 23:12:21,760][nioEventLoopGroup-2-1][INFO][GreetingPacket]-serverVersion:5.7.18-log
[2017-10-03 23:12:21,761][nioEventLoopGroup-2-1][INFO][GreetingPacket]-threadId: 7
[2017-10-03 23:12:21,761][nioEventLoopGroup-2-1][INFO][GreetingPacket]-scramblePrefix: 7^0'ON
[2017-10-03 23:12:21,761][nioEventLoopGroup-2-1][INFO][GreetingPacket]-serverCapabilities:63487
[2017-10-03 23:12:21,761][nioEventLoopGroup-2-1][INFO][GreetingPacket]-serverCollation: 8
[2017-10-03 23:12:21,762][nioEventLoopGroup-2-1][INFO][GreetingPacket]-serverStatus: 2
[2017-10-03 23:12:21,762][nioEventLoopGroup-2-1][INFO][GreetingPacket]-scramble: 7^0'ONP^%H9JP{i)
[2017-10-03 23:12:21,763][nioEventLoopGroup-2-1][INFO][GreetingPacket]-pluginData=mysql_native_password
[2017-10-03 23:12:21,764][nioEventLoopGroup-2-1][INFO][GreetingPacketResultHandler]-writeAndFlush authenticateCommand
[2017-10-03 23:12:21,779][nioEventLoopGroup-2-1][INFO][MysqlProtoclHeaderHandler]-+++++++MysqlProtoclHeaderHandler.channelRead0 called
[2017-10-03 23:12:21,779][nioEventLoopGroup-2-1][INFO][MysqlProtoclHeaderHandler]------------------
[2017-10-03 23:12:21,779][nioEventLoopGroup-2-1][INFO][MysqlProtoclHeaderHandler]-         +-------------------------------------------------+
         |  0  1  2  3  4  5  6  7  8  9  a  b  c  d  e  f |
+--------+-------------------------------------------------+----------------+
|00000000| 07 00 00 02 00 00 00 02 00 00 00                |...........     |
+--------+-------------------------------------------------+----------------+
[2017-10-03 23:12:21,780][nioEventLoopGroup-2-1][INFO][MysqlProtoclHeaderHandler]------------------
[2017-10-03 23:12:21,780][nioEventLoopGroup-2-1][INFO][MysqlProtoclHeaderHandler]-+++++headerLength=7
[2017-10-03 23:12:21,780][nioEventLoopGroup-2-1][INFO][MysqlProtoclHeaderHandler]------------------
[2017-10-03 23:12:21,780][nioEventLoopGroup-2-1][INFO][MysqlProtoclHeaderHandler]-         +-------------------------------------------------+
         |  0  1  2  3  4  5  6  7  8  9  a  b  c  d  e  f |
+--------+-------------------------------------------------+----------------+
|00000000| 00 00 00 02 00 00 00                            |.......         |
+--------+-------------------------------------------------+----------------+
[2017-10-03 23:12:21,780][nioEventLoopGroup-2-1][INFO][MysqlProtoclHeaderHandler]------------------
[2017-10-03 23:12:21,781][nioEventLoopGroup-2-1][INFO][MysqlProtoclHeaderHandler]-dataBuffer.readableBytes () == this.headerLength=7
[2017-10-03 23:12:21,781][nioEventLoopGroup-2-1][INFO][AuthenticateResultHandler]-writeAndFlush authenticateCommand,msg.readableBytes=7
[2017-10-03 23:12:21,783][nioEventLoopGroup-2-1][INFO][AuthenticateResultHandler]-------------------------
[2017-10-03 23:12:21,784][nioEventLoopGroup-2-1][INFO][AuthenticateResultHandler]-
-------
OKPacket{resultCode=0, affectedRows=0, lastInsertId=0, statusFlag=2, numberOfWarning=0}
------------

[2017-10-03 23:12:21,784][nioEventLoopGroup-2-1][INFO][AuthenticateResultHandler]-------------------------
[2017-10-03 23:13:39,102][nioEventLoopGroup-2-1][INFO][GreetingPacketResultHandler]------------------------
User=root111
Pwd=:password1111
[2017-10-03 23:13:39,145][nioEventLoopGroup-2-1][INFO][MysqlProtoclHeaderHandler]-+++++++MysqlProtoclHeaderHandler.channelRead0 called
[2017-10-03 23:13:39,168][nioEventLoopGroup-2-1][INFO][MysqlProtoclHeaderHandler]------------------
[2017-10-03 23:13:39,478][nioEventLoopGroup-2-1][INFO][MysqlProtoclHeaderHandler]-         +-------------------------------------------------+
         |  0  1  2  3  4  5  6  7  8  9  a  b  c  d  e  f |
+--------+-------------------------------------------------+----------------+
|00000000| 4e 00 00 00 0a 35 2e 37 2e 31 38 2d 6c 6f 67 00 |N....5.7.18-log.|
|00000010| 08 00 00 00 16 38 31 7c 60 71 56 3f 00 ff f7 08 |.....81|`qV?....|
|00000020| 02 00 ff 81 15 00 00 00 00 00 00 00 00 00 00 27 |...............'|
|00000030| 71 4e 5f 12 01 08 75 79 18 0b 0b 00 6d 79 73 71 |qN_...uy....mysq|
|00000040| 6c 5f 6e 61 74 69 76 65 5f 70 61 73 73 77 6f 72 |l_native_passwor|
|00000050| 64 00                                           |d.              |
+--------+-------------------------------------------------+----------------+
[2017-10-03 23:13:39,479][nioEventLoopGroup-2-1][INFO][MysqlProtoclHeaderHandler]------------------
[2017-10-03 23:13:39,481][nioEventLoopGroup-2-1][INFO][MysqlProtoclHeaderHandler]-+++++headerLength=78
[2017-10-03 23:13:39,483][nioEventLoopGroup-2-1][INFO][MysqlProtoclHeaderHandler]------------------
[2017-10-03 23:13:39,484][nioEventLoopGroup-2-1][INFO][MysqlProtoclHeaderHandler]-         +-------------------------------------------------+
         |  0  1  2  3  4  5  6  7  8  9  a  b  c  d  e  f |
+--------+-------------------------------------------------+----------------+
|00000000| 0a 35 2e 37 2e 31 38 2d 6c 6f 67 00 08 00 00 00 |.5.7.18-log.....|
|00000010| 16 38 31 7c 60 71 56 3f 00 ff f7 08 02 00 ff 81 |.81|`qV?........|
|00000020| 15 00 00 00 00 00 00 00 00 00 00 27 71 4e 5f 12 |...........'qN_.|
|00000030| 01 08 75 79 18 0b 0b 00 6d 79 73 71 6c 5f 6e 61 |..uy....mysql_na|
|00000040| 74 69 76 65 5f 70 61 73 73 77 6f 72 64 00       |tive_password.  |
+--------+-------------------------------------------------+----------------+
[2017-10-03 23:13:39,484][nioEventLoopGroup-2-1][INFO][MysqlProtoclHeaderHandler]------------------
[2017-10-03 23:13:39,485][nioEventLoopGroup-2-1][INFO][MysqlProtoclHeaderHandler]-dataBuffer.readableBytes () == this.headerLength=78
[2017-10-03 23:13:39,487][nioEventLoopGroup-2-1][INFO][GreetingPacket]-msg.readableBytes=78
[2017-10-03 23:13:39,489][nioEventLoopGroup-2-1][INFO][GreetingPacket]-mysql protocol version: 10
[2017-10-03 23:13:39,502][nioEventLoopGroup-2-1][INFO][GreetingPacket]-serverVersion:5.7.18-log
[2017-10-03 23:13:39,503][nioEventLoopGroup-2-1][INFO][GreetingPacket]-threadId: 8
[2017-10-03 23:13:39,503][nioEventLoopGroup-2-1][INFO][GreetingPacket]-scramblePrefix: 81|`qV?
[2017-10-03 23:13:39,504][nioEventLoopGroup-2-1][INFO][GreetingPacket]-serverCapabilities:63487
[2017-10-03 23:13:39,504][nioEventLoopGroup-2-1][INFO][GreetingPacket]-serverCollation: 8
[2017-10-03 23:13:39,505][nioEventLoopGroup-2-1][INFO][GreetingPacket]-serverStatus: 2
[2017-10-03 23:13:39,505][nioEventLoopGroup-2-1][INFO][GreetingPacket]-scramble: 81|`qV?'qN_uy
[2017-10-03 23:13:39,506][nioEventLoopGroup-2-1][INFO][GreetingPacket]-pluginData=mysql_native_password
[2017-10-03 23:13:39,508][nioEventLoopGroup-2-1][INFO][GreetingPacketResultHandler]-writeAndFlush authenticateCommand
[2017-10-03 23:13:39,542][nioEventLoopGroup-2-1][INFO][MysqlProtoclHeaderHandler]-+++++++MysqlProtoclHeaderHandler.channelRead0 called
[2017-10-03 23:13:39,543][nioEventLoopGroup-2-1][INFO][MysqlProtoclHeaderHandler]------------------
[2017-10-03 23:13:39,544][nioEventLoopGroup-2-1][INFO][MysqlProtoclHeaderHandler]-         +-------------------------------------------------+
         |  0  1  2  3  4  5  6  7  8  9  a  b  c  d  e  f |
+--------+-------------------------------------------------+----------------+
|00000000| 07 00 00 02 00 00 00 02 00 00 00                |...........     |
+--------+-------------------------------------------------+----------------+
[2017-10-03 23:13:39,544][nioEventLoopGroup-2-1][INFO][MysqlProtoclHeaderHandler]------------------
[2017-10-03 23:13:39,544][nioEventLoopGroup-2-1][INFO][MysqlProtoclHeaderHandler]-+++++headerLength=7
[2017-10-03 23:13:39,545][nioEventLoopGroup-2-1][INFO][MysqlProtoclHeaderHandler]------------------
[2017-10-03 23:13:39,545][nioEventLoopGroup-2-1][INFO][MysqlProtoclHeaderHandler]-         +-------------------------------------------------+
         |  0  1  2  3  4  5  6  7  8  9  a  b  c  d  e  f |
+--------+-------------------------------------------------+----------------+
|00000000| 00 00 00 02 00 00 00                            |.......         |
+--------+-------------------------------------------------+----------------+
[2017-10-03 23:13:39,546][nioEventLoopGroup-2-1][INFO][MysqlProtoclHeaderHandler]------------------
[2017-10-03 23:13:39,546][nioEventLoopGroup-2-1][INFO][MysqlProtoclHeaderHandler]-dataBuffer.readableBytes () == this.headerLength=7
[2017-10-03 23:13:39,546][nioEventLoopGroup-2-1][INFO][AuthenticateResultHandler]-writeAndFlush authenticateCommand,msg.readableBytes=7
[2017-10-03 23:13:39,548][nioEventLoopGroup-2-1][INFO][AuthenticateResultHandler]-------------------------
[2017-10-03 23:13:39,559][nioEventLoopGroup-2-1][INFO][AuthenticateResultHandler]-
-------
OKPacket{resultCode=0, affectedRows=0, lastInsertId=0, statusFlag=2, numberOfWarning=0}
------------

[2017-10-03 23:13:39,560][nioEventLoopGroup-2-1][INFO][AuthenticateResultHandler]-------------------------
[2017-10-03 23:13:58,593][nioEventLoopGroup-2-1][INFO][GreetingPacketResultHandler]------------------------
User=repl
Pwd=:repl
[2017-10-03 23:13:58,604][nioEventLoopGroup-2-1][INFO][MysqlProtoclHeaderHandler]-+++++++MysqlProtoclHeaderHandler.channelRead0 called
[2017-10-03 23:13:58,627][nioEventLoopGroup-2-1][INFO][MysqlProtoclHeaderHandler]------------------
[2017-10-03 23:13:58,628][nioEventLoopGroup-2-1][INFO][MysqlProtoclHeaderHandler]-         +-------------------------------------------------+
         |  0  1  2  3  4  5  6  7  8  9  a  b  c  d  e  f |
+--------+-------------------------------------------------+----------------+
|00000000| 4e 00 00 00 0a 35 2e 37 2e 31 38 2d 6c 6f 67 00 |N....5.7.18-log.|
|00000010| 09 00 00 00 74 1c 17 7d 6a 68 6f 5d 00 ff f7 08 |....t..}jho]....|
|00000020| 02 00 ff 81 15 00 00 00 00 00 00 00 00 00 00 4a |...............J|
|00000030| 45 65 7d 67 51 26 06 36 5c 11 4f 00 6d 79 73 71 |Ee}gQ&.6\.O.mysq|
|00000040| 6c 5f 6e 61 74 69 76 65 5f 70 61 73 73 77 6f 72 |l_native_passwor|
|00000050| 64 00                                           |d.              |
+--------+-------------------------------------------------+----------------+
[2017-10-03 23:13:58,629][nioEventLoopGroup-2-1][INFO][MysqlProtoclHeaderHandler]------------------
[2017-10-03 23:13:58,630][nioEventLoopGroup-2-1][INFO][MysqlProtoclHeaderHandler]-+++++headerLength=78
[2017-10-03 23:13:58,631][nioEventLoopGroup-2-1][INFO][MysqlProtoclHeaderHandler]------------------
[2017-10-03 23:13:58,632][nioEventLoopGroup-2-1][INFO][MysqlProtoclHeaderHandler]-         +-------------------------------------------------+
         |  0  1  2  3  4  5  6  7  8  9  a  b  c  d  e  f |
+--------+-------------------------------------------------+----------------+
|00000000| 0a 35 2e 37 2e 31 38 2d 6c 6f 67 00 09 00 00 00 |.5.7.18-log.....|
|00000010| 74 1c 17 7d 6a 68 6f 5d 00 ff f7 08 02 00 ff 81 |t..}jho]........|
|00000020| 15 00 00 00 00 00 00 00 00 00 00 4a 45 65 7d 67 |...........JEe}g|
|00000030| 51 26 06 36 5c 11 4f 00 6d 79 73 71 6c 5f 6e 61 |Q&.6\.O.mysql_na|
|00000040| 74 69 76 65 5f 70 61 73 73 77 6f 72 64 00       |tive_password.  |
+--------+-------------------------------------------------+----------------+
[2017-10-03 23:13:58,633][nioEventLoopGroup-2-1][INFO][MysqlProtoclHeaderHandler]------------------
[2017-10-03 23:13:58,633][nioEventLoopGroup-2-1][INFO][MysqlProtoclHeaderHandler]-dataBuffer.readableBytes () == this.headerLength=78
[2017-10-03 23:13:58,635][nioEventLoopGroup-2-1][INFO][GreetingPacket]-msg.readableBytes=78
[2017-10-03 23:13:58,635][nioEventLoopGroup-2-1][INFO][GreetingPacket]-mysql protocol version: 10
[2017-10-03 23:13:58,636][nioEventLoopGroup-2-1][INFO][GreetingPacket]-serverVersion:5.7.18-log
[2017-10-03 23:13:58,638][nioEventLoopGroup-2-1][INFO][GreetingPacket]-threadId: 9
[2017-10-03 23:13:58,639][nioEventLoopGroup-2-1][INFO][GreetingPacket]-scramblePrefix: t}jho]
[2017-10-03 23:13:58,639][nioEventLoopGroup-2-1][INFO][GreetingPacket]-serverCapabilities:63487
[2017-10-03 23:13:58,639][nioEventLoopGroup-2-1][INFO][GreetingPacket]-serverCollation: 8
[2017-10-03 23:13:58,640][nioEventLoopGroup-2-1][INFO][GreetingPacket]-serverStatus: 2
[2017-10-03 23:13:58,640][nioEventLoopGroup-2-1][INFO][GreetingPacket]-scramble: t}jho]JEe}gQ&6\O
[2017-10-03 23:13:58,641][nioEventLoopGroup-2-1][INFO][GreetingPacket]-pluginData=mysql_native_password
[2017-10-03 23:13:58,642][nioEventLoopGroup-2-1][INFO][GreetingPacketResultHandler]-writeAndFlush authenticateCommand
[2017-10-03 23:13:58,670][nioEventLoopGroup-2-1][INFO][MysqlProtoclHeaderHandler]-+++++++MysqlProtoclHeaderHandler.channelRead0 called
[2017-10-03 23:13:58,671][nioEventLoopGroup-2-1][INFO][MysqlProtoclHeaderHandler]------------------
[2017-10-03 23:13:58,672][nioEventLoopGroup-2-1][INFO][MysqlProtoclHeaderHandler]-         +-------------------------------------------------+
         |  0  1  2  3  4  5  6  7  8  9  a  b  c  d  e  f |
+--------+-------------------------------------------------+----------------+
|00000000| 07 00 00 02 00 00 00 02 00 00 00                |...........     |
+--------+-------------------------------------------------+----------------+
[2017-10-03 23:13:58,672][nioEventLoopGroup-2-1][INFO][MysqlProtoclHeaderHandler]------------------
[2017-10-03 23:13:58,673][nioEventLoopGroup-2-1][INFO][MysqlProtoclHeaderHandler]-+++++headerLength=7
[2017-10-03 23:13:58,674][nioEventLoopGroup-2-1][INFO][MysqlProtoclHeaderHandler]------------------
[2017-10-03 23:13:58,674][nioEventLoopGroup-2-1][INFO][MysqlProtoclHeaderHandler]-         +-------------------------------------------------+
         |  0  1  2  3  4  5  6  7  8  9  a  b  c  d  e  f |
+--------+-------------------------------------------------+----------------+
|00000000| 00 00 00 02 00 00 00                            |.......         |
+--------+-------------------------------------------------+----------------+
[2017-10-03 23:13:58,675][nioEventLoopGroup-2-1][INFO][MysqlProtoclHeaderHandler]------------------
[2017-10-03 23:13:58,682][nioEventLoopGroup-2-1][INFO][MysqlProtoclHeaderHandler]-dataBuffer.readableBytes () == this.headerLength=7
[2017-10-03 23:13:58,685][nioEventLoopGroup-2-1][INFO][AuthenticateResultHandler]-writeAndFlush authenticateCommand,msg.readableBytes=7
[2017-10-03 23:13:58,697][nioEventLoopGroup-2-1][INFO][AuthenticateResultHandler]-------------------------
[2017-10-03 23:13:58,699][nioEventLoopGroup-2-1][INFO][AuthenticateResultHandler]-
-------
OKPacket{resultCode=0, affectedRows=0, lastInsertId=0, statusFlag=2, numberOfWarning=0}
------------

[2017-10-03 23:13:58,700][nioEventLoopGroup-2-1][INFO][AuthenticateResultHandler]-------------------------
