[2017-10-01 22:21:17,702][nioEventLoopGroup-2-1][INFO][MysqlProtoclHeaderHandler]-MysqlProtoclHeaderHandler.channelRead0 called
[2017-10-01 22:21:27,701][nioEventLoopGroup-2-1][INFO][MysqlProtoclHeaderHandler]-MysqlProtoclHeaderHandler.channelInactive Called
[2017-10-01 22:21:57,785][nioEventLoopGroup-2-1][INFO][MysqlProtoclHeaderHandler]-MysqlProtoclHeaderHandler.channelRead0 called
[2017-10-01 22:22:39,755][nioEventLoopGroup-2-1][INFO][MysqlProtoclHeaderHandler]-MysqlProtoclHeaderHandler.channelInactive Called
[2017-10-01 22:23:15,570][nioEventLoopGroup-2-1][INFO][MysqlProtoclHeaderHandler]-MysqlProtoclHeaderHandler.channelRead0 called
[2017-10-01 22:24:02,535][nioEventLoopGroup-2-1][INFO][MysqlProtoclHeaderHandler]-MysqlProtoclHeaderHandler.channelInactive Called
[2017-10-01 22:33:31,810][nioEventLoopGroup-2-1][INFO][MysqlProtoclHeaderHandler]-MysqlProtoclHeaderHandler.channelRead0 called
[2017-10-01 22:33:41,815][nioEventLoopGroup-2-1][INFO][MysqlProtoclHeaderHandler]-MysqlProtoclHeaderHandler.channelInactive Called
[2017-10-01 22:34:18,527][nioEventLoopGroup-2-1][INFO][MysqlProtoclHeaderHandler]-MysqlProtoclHeaderHandler.channelRead0 called
[2017-10-01 22:35:30,262][nioEventLoopGroup-2-1][INFO][MysqlProtoclHeaderHandler]-MysqlProtoclHeaderHandler.channelInactive Called
[2017-10-01 22:35:37,031][nioEventLoopGroup-2-1][INFO][MysqlProtoclHeaderHandler]-MysqlProtoclHeaderHandler.channelRead0 called
[2017-10-01 22:35:37,035][nioEventLoopGroup-2-1][INFO][MysqlProtoclHeaderHandler]-dataBuffer.readableBytes () == this.headerLength=78
[2017-10-01 22:35:47,031][nioEventLoopGroup-2-1][INFO][MysqlProtoclHeaderHandler]-MysqlProtoclHeaderHandler.channelInactive Called
[2017-10-01 22:36:21,253][nioEventLoopGroup-2-1][INFO][MysqlProtoclHeaderHandler]-MysqlProtoclHeaderHandler.channelRead0 called
[2017-10-01 22:36:21,262][nioEventLoopGroup-2-1][INFO][MysqlProtoclHeaderHandler]-dataBuffer.readableBytes () == this.headerLength=78
[2017-10-01 22:36:21,262][nioEventLoopGroup-2-1][INFO][GreetingPacketResultHandler]-msg.readableBytes=78
[2017-10-01 22:36:31,250][nioEventLoopGroup-2-1][INFO][MysqlProtoclHeaderHandler]-MysqlProtoclHeaderHandler.channelInactive Called
[2017-10-01 22:37:31,408][nioEventLoopGroup-2-1][INFO][MysqlProtoclHeaderHandler]-MysqlProtoclHeaderHandler.channelRead0 called
[2017-10-01 22:37:31,413][nioEventLoopGroup-2-1][INFO][MysqlProtoclHeaderHandler]-dataBuffer.readableBytes () == this.headerLength=78
[2017-10-01 22:37:31,414][nioEventLoopGroup-2-1][INFO][GreetingPacketResultHandler]-msg.readableBytes=78
[2017-10-01 22:38:00,878][nioEventLoopGroup-2-1][INFO][MysqlProtoclHeaderHandler]-MysqlProtoclHeaderHandler.channelInactive Called
[2017-10-01 22:40:20,160][nioEventLoopGroup-2-1][INFO][MysqlProtoclHeaderHandler]-MysqlProtoclHeaderHandler.channelRead0 called
[2017-10-01 22:40:20,164][nioEventLoopGroup-2-1][INFO][MysqlProtoclHeaderHandler]-dataBuffer.readableBytes () == this.headerLength=78
[2017-10-01 22:40:20,165][nioEventLoopGroup-2-1][INFO][GreetingPacketResultHandler]-msg.readableBytes=78
[2017-10-01 22:40:30,157][nioEventLoopGroup-2-1][INFO][MysqlProtoclHeaderHandler]-MysqlProtoclHeaderHandler.channelInactive Called
[2017-10-01 22:40:49,564][nioEventLoopGroup-2-1][INFO][MysqlProtoclHeaderHandler]-MysqlProtoclHeaderHandler.channelRead0 called
[2017-10-01 22:41:46,277][nioEventLoopGroup-2-1][INFO][MysqlProtoclHeaderHandler]-dataBuffer.readableBytes () == this.headerLength=78
[2017-10-01 22:41:46,282][nioEventLoopGroup-2-1][INFO][GreetingPacketResultHandler]-msg.readableBytes=78
[2017-10-01 22:42:03,200][nioEventLoopGroup-2-1][INFO][MysqlProtoclHeaderHandler]-MysqlProtoclHeaderHandler.channelInactive Called
[2017-10-01 22:42:24,750][nioEventLoopGroup-2-1][INFO][MysqlProtoclHeaderHandler]-MysqlProtoclHeaderHandler.channelRead0 called
[2017-10-01 22:42:24,754][nioEventLoopGroup-2-1][INFO][MysqlProtoclHeaderHandler]-dataBuffer.readableBytes () == this.headerLength=78
[2017-10-01 22:42:24,755][nioEventLoopGroup-2-1][INFO][GreetingPacketResultHandler]-msg.readableBytes=78
[2017-10-01 22:42:24,756][nioEventLoopGroup-2-1][INFO][GreetingPacketResultHandler]-mysql protocol version: 78
[2017-10-01 22:42:24,757][nioEventLoopGroup-2-1][INFO][GreetingPacketResultHandler]-serverVersion:
[2017-10-01 22:42:24,757][nioEventLoopGroup-2-1][INFO][GreetingPacketResultHandler]-threadId: 889847808
[2017-10-01 22:46:13,870][nioEventLoopGroup-2-1][INFO][MysqlProtoclHeaderHandler]-MysqlProtoclHeaderHandler.channelRead0 called
[2017-10-01 22:46:13,873][nioEventLoopGroup-2-1][INFO][MysqlProtoclHeaderHandler]-dataBuffer.readableBytes () == this.headerLength=78
[2017-10-01 22:46:13,874][nioEventLoopGroup-2-1][INFO][GreetingPacketResultHandler]-msg.readableBytes=78
[2017-10-01 22:46:13,875][nioEventLoopGroup-2-1][INFO][GreetingPacketResultHandler]-mysql protocol version: 10
[2017-10-01 22:46:13,875][nioEventLoopGroup-2-1][INFO][GreetingPacketResultHandler]-serverVersion:5.6.31-log
[2017-10-01 22:46:13,876][nioEventLoopGroup-2-1][INFO][GreetingPacketResultHandler]-threadId: 15
[2017-10-01 22:46:23,869][nioEventLoopGroup-2-1][INFO][MysqlProtoclHeaderHandler]-MysqlProtoclHeaderHandler.channelInactive Called
[2017-10-01 22:47:47,556][nioEventLoopGroup-2-1][INFO][MysqlProtoclHeaderHandler]-MysqlProtoclHeaderHandler.channelRead0 called
[2017-10-01 22:47:47,560][nioEventLoopGroup-2-1][INFO][MysqlProtoclHeaderHandler]-dataBuffer.readableBytes () == this.headerLength=78
[2017-10-01 22:47:47,561][nioEventLoopGroup-2-1][INFO][GreetingPacketResultHandler]-msg.readableBytes=78
[2017-10-01 22:47:47,561][nioEventLoopGroup-2-1][INFO][GreetingPacketResultHandler]-mysql protocol version: 10
[2017-10-01 22:47:47,562][nioEventLoopGroup-2-1][INFO][GreetingPacketResultHandler]-serverVersion:5.6.31-log
[2017-10-01 22:47:47,562][nioEventLoopGroup-2-1][INFO][GreetingPacketResultHandler]-threadId: 16
[2017-10-01 22:47:47,562][nioEventLoopGroup-2-1][INFO][GreetingPacketResultHandler]-serverCapabilities-63487
[2017-10-01 22:47:47,563][nioEventLoopGroup-2-1][INFO][GreetingPacketResultHandler]-serverCollation: 8
[2017-10-01 22:47:47,563][nioEventLoopGroup-2-1][INFO][GreetingPacketResultHandler]-serverStatus: 2
[2017-10-01 22:47:47,564][nioEventLoopGroup-2-1][INFO][GreetingPacketResultHandler]-scramble: P^hpx+hK"bK0KjSA+S@(
[2017-10-01 22:47:57,556][nioEventLoopGroup-2-1][INFO][MysqlProtoclHeaderHandler]-MysqlProtoclHeaderHandler.channelInactive Called
[2017-10-01 22:49:21,427][nioEventLoopGroup-2-1][INFO][MysqlProtoclHeaderHandler]-MysqlProtoclHeaderHandler.channelRead0 called
[2017-10-01 22:49:21,433][nioEventLoopGroup-2-1][INFO][MysqlProtoclHeaderHandler]-dataBuffer.readableBytes () == this.headerLength=78
[2017-10-01 22:49:21,434][nioEventLoopGroup-2-1][INFO][GreetingPacketResultHandler]-msg.readableBytes=78
[2017-10-01 22:49:21,439][nioEventLoopGroup-2-1][INFO][GreetingPacketResultHandler]-mysql protocol version: 10
[2017-10-01 22:49:21,440][nioEventLoopGroup-2-1][INFO][GreetingPacketResultHandler]-serverVersion:5.6.31-log
[2017-10-01 22:49:21,440][nioEventLoopGroup-2-1][INFO][GreetingPacketResultHandler]-threadId: 17
[2017-10-01 22:49:21,441][nioEventLoopGroup-2-1][INFO][GreetingPacketResultHandler]-serverCapabilities-63487
[2017-10-01 22:49:21,442][nioEventLoopGroup-2-1][INFO][GreetingPacketResultHandler]-serverCollation: 8
[2017-10-01 22:49:21,443][nioEventLoopGroup-2-1][INFO][GreetingPacketResultHandler]-serverStatus: 2
[2017-10-01 22:49:21,443][nioEventLoopGroup-2-1][INFO][GreetingPacketResultHandler]-scramble: E/[]@iossh.Ls}<O\^Dx
[2017-10-01 22:49:31,423][nioEventLoopGroup-2-1][INFO][MysqlProtoclHeaderHandler]-MysqlProtoclHeaderHandler.channelInactive Called
